<?xml version="1.0" encoding="UTF-8"?>
<coverage generated="1784007158123" clover="3.2.0">
  <project timestamp="1784007158123" name="All files">
    <metrics statements="81" coveredstatements="78" conditionals="36" coveredconditionals="29" methods="14" coveredmethods="13" elements="131" coveredelements="120" complexity="0" loc="81" ncloc="81" packages="4" files="5" classes="5"/>
    <package name="config">
      <metrics statements="5" coveredstatements="5" conditionals="4" coveredconditionals="4" methods="0" coveredmethods="0"/>
      <file name="index.ts" path="C:\Users\punja\backend\stock-order-spiltter-REST-servies\src\config\index.ts">
        <metrics statements="5" coveredstatements="5" conditionals="4" coveredconditionals="4" methods="0" coveredmethods="0"/>
        <line num="1" count="2" type="stmt"/>
        <line num="3" count="2" type="stmt"/>
        <line num="5" count="2" type="cond" truecount="2" falsecount="0"/>
        <line num="6" count="2" type="stmt"/>
        <line num="7" count="2" type="cond" truecount="2" falsecount="0"/>
      </file>
    </package>
    <package name="memory">
      <metrics statements="4" coveredstatements="4" conditionals="0" coveredconditionals="0" methods="2" coveredmethods="2"/>
      <file name="orderMemory.ts" path="C:\Users\punja\backend\stock-order-spiltter-REST-servies\src\memory\orderMemory.ts">
        <metrics statements="4" coveredstatements="4" conditionals="0" coveredconditionals="0" methods="2" coveredmethods="2"/>
        <line num="3" count="2" type="stmt"/>
        <line num="5" count="2" type="stmt"/>
        <line num="6" count="3" type="stmt"/>
        <line num="9" count="2" type="stmt"/>
      </file>
    </package>
    <package name="services">
      <metrics statements="45" coveredstatements="44" conditionals="16" coveredconditionals="15" methods="8" coveredmethods="7"/>
      <file name="orderService.ts" path="C:\Users\punja\backend\stock-order-spiltter-REST-servies\src\services\orderService.ts">
        <metrics statements="45" coveredstatements="44" conditionals="16" coveredconditionals="15" methods="8" coveredmethods="7"/>
        <line num="1" count="2" type="stmt"/>
        <line num="4" count="2" type="stmt"/>
        <line num="5" count="2" type="stmt"/>
        <line num="6" count="2" type="stmt"/>
        <line num="7" count="2" type="stmt"/>
        <line num="9" count="2" type="stmt"/>
        <line num="10" count="4" type="stmt"/>
        <line num="11" count="3" type="cond" truecount="0" falsecount="1"/>
        <line num="12" count="0" type="stmt"/>
        <line num="15" count="4" type="stmt"/>
        <line num="21" count="2" type="stmt"/>
        <line num="22" count="5" type="stmt"/>
        <line num="23" count="5" type="cond" truecount="2" falsecount="0"/>
        <line num="25" count="5" type="cond" truecount="1" falsecount="0"/>
        <line num="26" count="2" type="stmt"/>
        <line num="29" count="3" type="stmt"/>
        <line num="32" count="2" type="stmt"/>
        <line num="33" count="3" type="stmt"/>
        <line num="34" count="3" type="stmt"/>
        <line num="36" count="3" type="stmt"/>
        <line num="37" count="4" type="cond" truecount="4" falsecount="0"/>
        <line num="38" count="4" type="stmt"/>
        <line num="39" count="4" type="stmt"/>
        <line num="40" count="4" type="cond" truecount="2" falsecount="0"/>
        <line num="41" count="4" type="stmt"/>
        <line num="42" count="4" type="stmt"/>
        <line num="43" count="4" type="stmt"/>
        <line num="45" count="4" type="cond" truecount="1" falsecount="0"/>
        <line num="46" count="3" type="stmt"/>
        <line num="47" count="3" type="stmt"/>
        <line num="48" count="3" type="stmt"/>
        <line num="58" count="1" type="stmt"/>
        <line num="59" count="1" type="stmt"/>
        <line num="70" count="2" type="stmt"/>
        <line num="71" count="5" type="cond" truecount="2" falsecount="0"/>
        <line num="72" count="5" type="stmt"/>
        <line num="73" count="5" type="cond" truecount="2" falsecount="0"/>
        <line num="74" count="5" type="stmt"/>
        <line num="75" count="5" type="stmt"/>
        <line num="77" count="5" type="cond" truecount="1" falsecount="0"/>
        <line num="78" count="2" type="stmt"/>
        <line num="84" count="3" type="stmt"/>
        <line num="95" count="3" type="stmt"/>
        <line num="96" count="3" type="stmt"/>
        <line num="102" count="2" type="stmt"/>
      </file>
    </package>
    <package name="utils">
      <metrics statements="27" coveredstatements="25" conditionals="16" coveredconditionals="10" methods="4" coveredmethods="4"/>
      <file name="market.ts" path="C:\Users\punja\backend\stock-order-spiltter-REST-servies\src\utils\market.ts">
        <metrics statements="24" coveredstatements="22" conditionals="16" coveredconditionals="10" methods="3" coveredmethods="3"/>
        <line num="1" count="3" type="stmt"/>
        <line num="2" count="3" type="stmt"/>
        <line num="3" count="3" type="stmt"/>
        <line num="4" count="3" type="stmt"/>
        <line num="6" count="3" type="stmt"/>
        <line num="7" count="15" type="stmt"/>
        <line num="8" count="15" type="cond" truecount="2" falsecount="0"/>
        <line num="11" count="3" type="stmt"/>
        <line num="12" count="6" type="cond" truecount="1" falsecount="0"/>
        <line num="13" count="3" type="stmt"/>
        <line num="14" count="3" type="stmt"/>
        <line num="16" count="3" type="cond" truecount="2" falsecount="1"/>
        <line num="17" count="3" type="cond" truecount="2" falsecount="1"/>
        <line num="18" count="3" type="cond" truecount="2" falsecount="0"/>
        <line num="21" count="3" type="stmt"/>
        <line num="22" count="3" type="stmt"/>
        <line num="25" count="3" type="cond" truecount="1" falsecount="3"/>
        <line num="26" count="3" type="cond" truecount="0" falsecount="1"/>
        <line num="27" count="0" type="stmt"/>
        <line num="28" count="0" type="stmt"/>
        <line num="32" count="3" type="stmt"/>
        <line num="33" count="6" type="stmt"/>
        <line num="34" count="6" type="stmt"/>
        <line num="37" count="3" type="stmt"/>
      </file>
      <file name="quantity.ts" path="C:\Users\punja\backend\stock-order-spiltter-REST-servies\src\utils\quantity.ts">
        <metrics statements="3" coveredstatements="3" conditionals="0" coveredconditionals="0" methods="1" coveredmethods="1"/>
        <line num="1" count="2" type="stmt"/>
        <line num="2" count="7" type="stmt"/>
        <line num="3" count="7" type="stmt"/>
      </file>
    </package>
  </project>
</coverage>
