{"C:\\Users\\punja\\backend\\stock-order-spiltter-REST-servies\\src\\config\\index.ts": {"path":"C:\\Users\\punja\\backend\\stock-order-spiltter-REST-servies\\src\\config\\index.ts","statementMap":{"0":{"start":{"line":1,"column":0},"end":{"line":1,"column":27}},"1":{"start":{"line":3,"column":0},"end":{"line":3,"column":null}},"2":{"start":{"line":5,"column":13},"end":{"line":5,"column":null}},"3":{"start":{"line":6,"column":13},"end":{"line":6,"column":null}},"4":{"start":{"line":7,"column":13},"end":{"line":7,"column":null}}},"fnMap":{},"branchMap":{"0":{"loc":{"start":{"line":5,"column":27},"end":{"line":5,"column":51}},"type":"binary-expr","locations":[{"start":{"line":5,"column":27},"end":{"line":5,"column":43}},{"start":{"line":5,"column":47},"end":{"line":5,"column":51}}]},"1":{"loc":{"start":{"line":7,"column":37},"end":{"line":7,"column":68}},"type":"binary-expr","locations":[{"start":{"line":7,"column":37},"end":{"line":7,"column":63}},{"start":{"line":7,"column":67},"end":{"line":7,"column":68}}]}},"s":{"0":2,"1":2,"2":2,"3":2,"4":2},"f":{},"b":{"0":[2,2],"1":[2,2]}}
,"C:\\Users\\punja\\backend\\stock-order-spiltter-REST-servies\\src\\memory\\orderMemory.ts": {"path":"C:\\Users\\punja\\backend\\stock-order-spiltter-REST-servies\\src\\memory\\orderMemory.ts","statementMap":{"0":{"start":{"line":3,"column":40},"end":{"line":3,"column":42}},"1":{"start":{"line":5,"column":24},"end":{"line":7,"column":1}},"2":{"start":{"line":6,"column":2},"end":{"line":6,"column":null}},"3":{"start":{"line":5,"column":13},"end":{"line":5,"column":24}},"4":{"start":{"line":9,"column":25},"end":{"line":9,"column":52}},"5":{"start":{"line":9,"column":31},"end":{"line":9,"column":52}},"6":{"start":{"line":9,"column":13},"end":{"line":9,"column":25}}},"fnMap":{"0":{"name":"(anonymous_0)","decl":{"start":{"line":5,"column":24},"end":{"line":5,"column":25}},"loc":{"start":{"line":5,"column":47},"end":{"line":7,"column":1}}},"1":{"name":"(anonymous_1)","decl":{"start":{"line":9,"column":25},"end":{"line":9,"column":28}},"loc":{"start":{"line":9,"column":31},"end":{"line":9,"column":52}}}},"branchMap":{},"s":{"0":2,"1":2,"2":4,"3":2,"4":2,"5":2,"6":2},"f":{"0":4,"1":2},"b":{}}
,"C:\\Users\\punja\\backend\\stock-order-spiltter-REST-servies\\src\\services\\orderService.ts": {"path":"C:\\Users\\punja\\backend\\stock-order-spiltter-REST-servies\\src\\services\\orderService.ts","statementMap":{"0":{"start":{"line":1,"column":0},"end":{"line":1,"column":35}},"1":{"start":{"line":4,"column":0},"end":{"line":4,"column":59}},"2":{"start":{"line":5,"column":0},"end":{"line":5,"column":57}},"3":{"start":{"line":6,"column":0},"end":{"line":6,"column":49}},"4":{"start":{"line":7,"column":0},"end":{"line":7,"column":62}},"5":{"start":{"line":9,"column":27},"end":{"line":19,"column":1}},"6":{"start":{"line":10,"column":22},"end":{"line":10,"column":75}},"7":{"start":{"line":10,"column":54},"end":{"line":10,"column":71}},"8":{"start":{"line":11,"column":2},"end":{"line":13,"column":3}},"9":{"start":{"line":12,"column":4},"end":{"line":12,"column":null}},"10":{"start":{"line":15,"column":2},"end":{"line":18,"column":null}},"11":{"start":{"line":15,"column":34},"end":{"line":18,"column":4}},"12":{"start":{"line":21,"column":28},"end":{"line":57,"column":1}},"13":{"start":{"line":22,"column":21},"end":{"line":22,"column":63}},"14":{"start":{"line":23,"column":23},"end":{"line":23,"column":24}},"15":{"start":{"line":25,"column":2},"end":{"line":56,"column":null}},"16":{"start":{"line":26,"column":18},"end":{"line":26,"column":93}},"17":{"start":{"line":27,"column":22},"end":{"line":27,"column":65}},"18":{"start":{"line":28,"column":19},"end":{"line":28,"column":50}},"19":{"start":{"line":29,"column":33},"end":{"line":29,"column":90}},"20":{"start":{"line":30,"column":24},"end":{"line":30,"column":52}},"21":{"start":{"line":31,"column":21},"end":{"line":31,"column":63}},"22":{"start":{"line":32,"column":19},"end":{"line":32,"column":56}},"23":{"start":{"line":34,"column":4},"end":{"line":45,"column":5}},"24":{"start":{"line":35,"column":24},"end":{"line":35,"column":60}},"25":{"start":{"line":36,"column":31},"end":{"line":36,"column":79}},"26":{"start":{"line":37,"column":6},"end":{"line":44,"column":null}},"27":{"start":{"line":47,"column":4},"end":{"line":47,"column":null}},"28":{"start":{"line":48,"column":4},"end":{"line":55,"column":null}},"29":{"start":{"line":59,"column":27},"end":{"line":76,"column":1}},"30":{"start":{"line":60,"column":24},"end":{"line":60,"column":88}},"31":{"start":{"line":61,"column":22},"end":{"line":61,"column":97}},"32":{"start":{"line":62,"column":23},"end":{"line":62,"column":48}},"33":{"start":{"line":64,"column":29},"end":{"line":72,"column":null}},"34":{"start":{"line":74,"column":2},"end":{"line":74,"column":null}},"35":{"start":{"line":75,"column":2},"end":{"line":75,"column":null}},"36":{"start":{"line":59,"column":13},"end":{"line":59,"column":27}},"37":{"start":{"line":78,"column":33},"end":{"line":78,"column":50}},"38":{"start":{"line":78,"column":39},"end":{"line":78,"column":50}},"39":{"start":{"line":78,"column":13},"end":{"line":78,"column":33}}},"fnMap":{"0":{"name":"(anonymous_0)","decl":{"start":{"line":9,"column":27},"end":{"line":9,"column":28}},"loc":{"start":{"line":9,"column":55},"end":{"line":19,"column":1}}},"1":{"name":"(anonymous_1)","decl":{"start":{"line":10,"column":39},"end":{"line":10,"column":40}},"loc":{"start":{"line":10,"column":54},"end":{"line":10,"column":71}}},"2":{"name":"(anonymous_2)","decl":{"start":{"line":15,"column":23},"end":{"line":15,"column":24}},"loc":{"start":{"line":15,"column":34},"end":{"line":18,"column":4}}},"3":{"name":"(anonymous_3)","decl":{"start":{"line":21,"column":28},"end":{"line":21,"column":29}},"loc":{"start":{"line":21,"column":89},"end":{"line":57,"column":1}}},"4":{"name":"(anonymous_4)","decl":{"start":{"line":25,"column":24},"end":{"line":25,"column":25}},"loc":{"start":{"line":25,"column":40},"end":{"line":56,"column":3}}},"5":{"name":"(anonymous_5)","decl":{"start":{"line":59,"column":27},"end":{"line":59,"column":28}},"loc":{"start":{"line":59,"column":66},"end":{"line":76,"column":1}}},"6":{"name":"(anonymous_6)","decl":{"start":{"line":78,"column":33},"end":{"line":78,"column":36}},"loc":{"start":{"line":78,"column":39},"end":{"line":78,"column":50}}}},"branchMap":{"0":{"loc":{"start":{"line":11,"column":2},"end":{"line":13,"column":3}},"type":"if","locations":[{"start":{"line":11,"column":2},"end":{"line":13,"column":3}}]},"1":{"loc":{"start":{"line":26,"column":18},"end":{"line":26,"column":93}},"type":"cond-expr","locations":[{"start":{"line":26,"column":61},"end":{"line":26,"column":77}},{"start":{"line":26,"column":80},"end":{"line":26,"column":93}}]},"2":{"loc":{"start":{"line":26,"column":18},"end":{"line":26,"column":58}},"type":"binary-expr","locations":[{"start":{"line":26,"column":18},"end":{"line":26,"column":34}},{"start":{"line":26,"column":38},"end":{"line":26,"column":58}}]},"3":{"loc":{"start":{"line":29,"column":33},"end":{"line":29,"column":90}},"type":"cond-expr","locations":[{"start":{"line":29,"column":42},"end":{"line":29,"column":78}},{"start":{"line":29,"column":81},"end":{"line":29,"column":90}}]},"4":{"loc":{"start":{"line":34,"column":4},"end":{"line":45,"column":5}},"type":"if","locations":[{"start":{"line":34,"column":4},"end":{"line":45,"column":5}}]},"5":{"loc":{"start":{"line":60,"column":24},"end":{"line":60,"column":88}},"type":"cond-expr","locations":[{"start":{"line":60,"column":46},"end":{"line":60,"column":75}},{"start":{"line":60,"column":78},"end":{"line":60,"column":88}}]},"6":{"loc":{"start":{"line":61,"column":22},"end":{"line":61,"column":97}},"type":"cond-expr","locations":[{"start":{"line":61,"column":52},"end":{"line":61,"column":65}},{"start":{"line":61,"column":68},"end":{"line":61,"column":97}}]}},"s":{"0":2,"1":2,"2":2,"3":2,"4":2,"5":2,"6":4,"7":5,"8":4,"9":0,"10":4,"11":5,"12":2,"13":4,"14":4,"15":4,"16":5,"17":5,"18":5,"19":5,"20":5,"21":5,"22":5,"23":5,"24":4,"25":4,"26":4,"27":1,"28":1,"29":2,"30":4,"31":4,"32":4,"33":4,"34":4,"35":4,"36":2,"37":2,"38":0,"39":2},"f":{"0":4,"1":5,"2":5,"3":4,"4":5,"5":4,"6":0},"b":{"0":[0],"1":[1,4],"2":[5,1],"3":[4,1],"4":[4],"5":[1,3],"6":[0,4]}}
,"C:\\Users\\punja\\backend\\stock-order-spiltter-REST-servies\\src\\utils\\market.ts": {"path":"C:\\Users\\punja\\backend\\stock-order-spiltter-REST-servies\\src\\utils\\market.ts","statementMap":{"0":{"start":{"line":1,"column":13},"end":{"line":1,"column":null}},"1":{"start":{"line":2,"column":13},"end":{"line":2,"column":null}},"2":{"start":{"line":3,"column":13},"end":{"line":3,"column":null}},"3":{"start":{"line":4,"column":13},"end":{"line":4,"column":null}},"4":{"start":{"line":6,"column":18},"end":{"line":9,"column":1}},"5":{"start":{"line":7,"column":14},"end":{"line":7,"column":24}},"6":{"start":{"line":8,"column":2},"end":{"line":8,"column":null}},"7":{"start":{"line":11,"column":28},"end":{"line":19,"column":1}},"8":{"start":{"line":12,"column":2},"end":{"line":12,"column":null}},"9":{"start":{"line":12,"column":21},"end":{"line":12,"column":null}},"10":{"start":{"line":13,"column":16},"end":{"line":13,"column":28}},"11":{"start":{"line":14,"column":15},"end":{"line":14,"column":29}},"12":{"start":{"line":16,"column":21},"end":{"line":16,"column":103}},"13":{"start":{"line":17,"column":21},"end":{"line":17,"column":107}},"14":{"start":{"line":18,"column":2},"end":{"line":18,"column":null}},"15":{"start":{"line":11,"column":13},"end":{"line":11,"column":28}},"16":{"start":{"line":21,"column":30},"end":{"line":38,"column":1}},"17":{"start":{"line":22,"column":15},"end":{"line":22,"column":36}},"18":{"start":{"line":25,"column":26},"end":{"line":25,"column":162}},"19":{"start":{"line":26,"column":2},"end":{"line":29,"column":3}},"20":{"start":{"line":27,"column":4},"end":{"line":27,"column":null}},"21":{"start":{"line":28,"column":4},"end":{"line":28,"column":null}},"22":{"start":{"line":32,"column":2},"end":{"line":35,"column":28}},"23":{"start":{"line":33,"column":4},"end":{"line":33,"column":null}},"24":{"start":{"line":34,"column":4},"end":{"line":34,"column":null}},"25":{"start":{"line":37,"column":2},"end":{"line":37,"column":null}},"26":{"start":{"line":21,"column":13},"end":{"line":21,"column":30}}},"fnMap":{"0":{"name":"(anonymous_0)","decl":{"start":{"line":6,"column":18},"end":{"line":6,"column":19}},"loc":{"start":{"line":6,"column":30},"end":{"line":9,"column":1}}},"1":{"name":"(anonymous_1)","decl":{"start":{"line":11,"column":28},"end":{"line":11,"column":29}},"loc":{"start":{"line":11,"column":49},"end":{"line":19,"column":1}}},"2":{"name":"(anonymous_2)","decl":{"start":{"line":21,"column":30},"end":{"line":21,"column":31}},"loc":{"start":{"line":21,"column":48},"end":{"line":38,"column":1}}}},"branchMap":{"0":{"loc":{"start":{"line":8,"column":9},"end":{"line":8,"column":29}},"type":"binary-expr","locations":[{"start":{"line":8,"column":9},"end":{"line":8,"column":17}},{"start":{"line":8,"column":21},"end":{"line":8,"column":29}}]},"1":{"loc":{"start":{"line":12,"column":2},"end":{"line":12,"column":null}},"type":"if","locations":[{"start":{"line":12,"column":2},"end":{"line":12,"column":null}}]},"2":{"loc":{"start":{"line":16,"column":21},"end":{"line":16,"column":103}},"type":"binary-expr","locations":[{"start":{"line":16,"column":21},"end":{"line":16,"column":45}},{"start":{"line":16,"column":50},"end":{"line":16,"column":76}},{"start":{"line":16,"column":80},"end":{"line":16,"column":102}}]},"3":{"loc":{"start":{"line":17,"column":21},"end":{"line":17,"column":107}},"type":"binary-expr","locations":[{"start":{"line":17,"column":21},"end":{"line":17,"column":46}},{"start":{"line":17,"column":51},"end":{"line":17,"column":78}},{"start":{"line":17,"column":82},"end":{"line":17,"column":106}}]},"4":{"loc":{"start":{"line":18,"column":9},"end":{"line":18,"column":35}},"type":"binary-expr","locations":[{"start":{"line":18,"column":9},"end":{"line":18,"column":20}},{"start":{"line":18,"column":24},"end":{"line":18,"column":35}}]},"5":{"loc":{"start":{"line":25,"column":26},"end":{"line":25,"column":162}},"type":"binary-expr","locations":[{"start":{"line":25,"column":26},"end":{"line":25,"column":41}},{"start":{"line":25,"column":46},"end":{"line":25,"column":80}},{"start":{"line":25,"column":85},"end":{"line":25,"column":121}},{"start":{"line":25,"column":125},"end":{"line":25,"column":160}}]},"6":{"loc":{"start":{"line":26,"column":2},"end":{"line":29,"column":3}},"type":"if","locations":[{"start":{"line":26,"column":2},"end":{"line":29,"column":3}}]}},"s":{"0":3,"1":3,"2":3,"3":3,"4":3,"5":17,"6":17,"7":3,"8":5,"9":2,"10":3,"11":3,"12":3,"13":3,"14":3,"15":3,"16":3,"17":5,"18":5,"19":5,"20":0,"21":0,"22":5,"23":7,"24":7,"25":5,"26":3},"f":{"0":17,"1":5,"2":5},"b":{"0":[17,14],"1":[2],"2":[3,3,0],"3":[3,0,0],"4":[3,3],"5":[5,3,3,0],"6":[0]}}
,"C:\\Users\\punja\\backend\\stock-order-spiltter-REST-servies\\src\\utils\\quantity.ts": {"path":"C:\\Users\\punja\\backend\\stock-order-spiltter-REST-servies\\src\\utils\\quantity.ts","statementMap":{"0":{"start":{"line":1,"column":29},"end":{"line":4,"column":1}},"1":{"start":{"line":2,"column":17},"end":{"line":2,"column":31}},"2":{"start":{"line":3,"column":2},"end":{"line":3,"column":null}},"3":{"start":{"line":1,"column":13},"end":{"line":1,"column":29}}},"fnMap":{"0":{"name":"(anonymous_0)","decl":{"start":{"line":1,"column":29},"end":{"line":1,"column":30}},"loc":{"start":{"line":1,"column":65},"end":{"line":4,"column":1}}}},"branchMap":{},"s":{"0":2,"1":9,"2":9,"3":2},"f":{"0":9},"b":{}}
}
