TN:
SF:src\config\index.ts
FNF:0
FNH:0
DA:1,2
DA:3,2
DA:5,2
DA:6,2
DA:7,2
LF:5
LH:5
BRDA:5,0,0,2
BRDA:5,0,1,2
BRDA:7,1,0,2
BRDA:7,1,1,2
BRF:4
BRH:4
end_of_record
TN:
SF:src\memory\orderMemory.ts
FN:5,(anonymous_0)
FN:9,(anonymous_1)
FNF:2
FNH:2
FNDA:4,(anonymous_0)
FNDA:2,(anonymous_1)
DA:3,2
DA:5,2
DA:6,4
DA:9,2
LF:4
LH:4
BRF:0
BRH:0
end_of_record
TN:
SF:src\services\orderService.ts
FN:9,(anonymous_0)
FN:10,(anonymous_1)
FN:15,(anonymous_2)
FN:21,(anonymous_3)
FN:25,(anonymous_4)
FN:59,(anonymous_5)
FN:78,(anonymous_6)
FNF:7
FNH:6
FNDA:4,(anonymous_0)
FNDA:5,(anonymous_1)
FNDA:5,(anonymous_2)
FNDA:4,(anonymous_3)
FNDA:5,(anonymous_4)
FNDA:4,(anonymous_5)
FNDA:0,(anonymous_6)
DA:1,2
DA:4,2
DA:5,2
DA:6,2
DA:7,2
DA:9,2
DA:10,5
DA:11,4
DA:12,0
DA:15,5
DA:21,2
DA:22,4
DA:23,4
DA:25,4
DA:26,5
DA:27,5
DA:28,5
DA:29,5
DA:30,5
DA:31,5
DA:32,5
DA:34,5
DA:35,4
DA:36,4
DA:37,4
DA:47,1
DA:48,1
DA:59,2
DA:60,4
DA:61,4
DA:62,4
DA:64,4
DA:74,4
DA:75,4
DA:78,2
LF:35
LH:34
BRDA:11,0,0,0
BRDA:26,1,0,1
BRDA:26,1,1,4
BRDA:26,2,0,5
BRDA:26,2,1,1
BRDA:29,3,0,4
BRDA:29,3,1,1
BRDA:34,4,0,4
BRDA:60,5,0,1
BRDA:60,5,1,3
BRDA:61,6,0,0
BRDA:61,6,1,4
BRF:12
BRH:10
end_of_record
TN:
SF:src\utils\market.ts
FN:6,(anonymous_0)
FN:11,(anonymous_1)
FN:21,(anonymous_2)
FNF:3
FNH:3
FNDA:17,(anonymous_0)
FNDA:5,(anonymous_1)
FNDA:5,(anonymous_2)
DA:1,3
DA:2,3
DA:3,3
DA:4,3
DA:6,3
DA:7,17
DA:8,17
DA:11,3
DA:12,5
DA:13,3
DA:14,3
DA:16,3
DA:17,3
DA:18,3
DA:21,3
DA:22,5
DA:25,5
DA:26,5
DA:27,0
DA:28,0
DA:32,5
DA:33,7
DA:34,7
DA:37,5
LF:24
LH:22
BRDA:8,0,0,17
BRDA:8,0,1,14
BRDA:12,1,0,2
BRDA:16,2,0,3
BRDA:16,2,1,3
BRDA:16,2,2,0
BRDA:17,3,0,3
BRDA:17,3,1,0
BRDA:17,3,2,0
BRDA:18,4,0,3
BRDA:18,4,1,3
BRDA:25,5,0,5
BRDA:25,5,1,3
BRDA:25,5,2,3
BRDA:25,5,3,0
BRDA:26,6,0,0
BRF:16
BRH:11
end_of_record
TN:
SF:src\utils\quantity.ts
FN:1,(anonymous_0)
FNF:1
FNH:1
FNDA:9,(anonymous_0)
DA:1,2
DA:2,9
DA:3,9
LF:3
LH:3
BRF:0
BRH:0
end_of_record
