TN:
SF:src\config\index.ts
FNF:0
FNH:0
DA:1,2
DA:3,2
DA:5,2
DA:6,2
DA:7,2
LF:5
LH:5
BRDA:5,0,0,2
BRDA:5,0,1,2
BRDA:7,1,0,2
BRDA:7,1,1,2
BRF:4
BRH:4
end_of_record
TN:
SF:src\memory\orderMemory.ts
FN:5,(anonymous_0)
FN:9,(anonymous_1)
FNF:2
FNH:2
FNDA:3,(anonymous_0)
FNDA:2,(anonymous_1)
DA:3,2
DA:5,2
DA:6,3
DA:9,2
LF:4
LH:4
BRF:0
BRH:0
end_of_record
TN:
SF:src\services\orderService.ts
FN:9,(anonymous_0)
FN:10,(anonymous_1)
FN:15,(anonymous_2)
FN:21,(anonymous_3)
FN:32,(anonymous_4)
FN:36,(anonymous_5)
FN:70,(anonymous_6)
FN:102,(anonymous_7)
FNF:8
FNH:7
FNDA:3,(anonymous_0)
FNDA:4,(anonymous_1)
FNDA:4,(anonymous_2)
FNDA:5,(anonymous_3)
FNDA:3,(anonymous_4)
FNDA:4,(anonymous_5)
FNDA:5,(anonymous_6)
FNDA:0,(anonymous_7)
DA:1,2
DA:4,2
DA:5,2
DA:6,2
DA:7,2
DA:9,2
DA:10,4
DA:11,3
DA:12,0
DA:15,4
DA:21,2
DA:22,5
DA:23,5
DA:25,5
DA:26,2
DA:29,3
DA:32,2
DA:33,3
DA:34,3
DA:36,3
DA:37,4
DA:38,4
DA:39,4
DA:40,4
DA:41,4
DA:42,4
DA:43,4
DA:45,4
DA:46,3
DA:47,3
DA:48,3
DA:58,1
DA:59,1
DA:70,2
DA:71,5
DA:72,5
DA:73,5
DA:74,5
DA:75,5
DA:77,5
DA:78,2
DA:84,3
DA:95,3
DA:96,3
DA:102,2
LF:45
LH:44
BRDA:11,0,0,0
BRDA:23,1,0,5
BRDA:23,1,1,5
BRDA:25,2,0,2
BRDA:37,3,0,1
BRDA:37,3,1,3
BRDA:37,4,0,4
BRDA:37,4,1,1
BRDA:40,5,0,3
BRDA:40,5,1,1
BRDA:45,6,0,3
BRDA:71,7,0,2
BRDA:71,7,1,3
BRDA:73,8,0,3
BRDA:73,8,1,2
BRDA:77,9,0,2
BRF:16
BRH:15
end_of_record
TN:
SF:src\utils\market.ts
FN:6,(anonymous_0)
FN:11,(anonymous_1)
FN:21,(anonymous_2)
FNF:3
FNH:3
FNDA:15,(anonymous_0)
FNDA:6,(anonymous_1)
FNDA:3,(anonymous_2)
DA:1,3
DA:2,3
DA:3,3
DA:4,3
DA:6,3
DA:7,15
DA:8,15
DA:11,3
DA:12,6
DA:13,3
DA:14,3
DA:16,3
DA:17,3
DA:18,3
DA:21,3
DA:22,3
DA:25,3
DA:26,3
DA:27,0
DA:28,0
DA:32,3
DA:33,6
DA:34,6
DA:37,3
LF:24
LH:22
BRDA:8,0,0,15
BRDA:8,0,1,11
BRDA:12,1,0,3
BRDA:16,2,0,3
BRDA:16,2,1,3
BRDA:16,2,2,0
BRDA:17,3,0,3
BRDA:17,3,1,3
BRDA:17,3,2,0
BRDA:18,4,0,3
BRDA:18,4,1,3
BRDA:25,5,0,3
BRDA:25,5,1,0
BRDA:25,5,2,0
BRDA:25,5,3,0
BRDA:26,6,0,0
BRF:16
BRH:10
end_of_record
TN:
SF:src\utils\quantity.ts
FN:1,(anonymous_0)
FNF:1
FNH:1
FNDA:7,(anonymous_0)
DA:1,2
DA:2,7
DA:3,7
LF:3
LH:3
BRF:0
BRH:0
end_of_record
